=====================
You are Using Debian.
=====================


WARNING: apt does not have a stable CLI interface. Use with caution in scripts.

Reading package lists...
Building dependency tree...
Reading state information...
python3 is already the newest version (3.10.4-1+b1).
python3-pip is already the newest version (22.0.2+dfsg-1).
The following packages were automatically installed and are no longer required:
  libpython3.9-dev libtbb2 python3-llvmlite python3.9-dev
Use 'sudo apt autoremove' to remove them.
0 upgraded, 0 newly installed, 0 to remove and 965 not upgraded.

--------------------


WARNING: apt does not have a stable CLI interface. Use with caution in scripts.

Reading package lists...
Building dependency tree...
Reading state information...
php is already the newest version (2:8.1+92).
The following packages were automatically installed and are no longer required:
  libpython3.9-dev libtbb2 python3-llvmlite python3.9-dev
Use 'sudo apt autoremove' to remove them.
0 upgraded, 0 newly installed, 0 to remove and 965 not upgraded.

--------------------

Requirement already satisfied: requests in /usr/lib/python3/dist-packages (2.25.1)
WARNING: Running pip as the 'root' user can result in broken permissions and conflicting behaviour with the system package manager. It is recommended to use a virtual environment instead: https://pip.pypa.io/warnings/venv
Requirement already satisfied: packaging in /usr/lib/python3/dist-packages (21.3)
WARNING: Running pip as the 'root' user can result in broken permissions and conflicting behaviour with the system package manager. It is recommended to use a virtual environment instead: https://pip.pypa.io/warnings/venv
